
> quantx-dashboard@1.0.0 dev
> next dev

   ▲ Next.js 14.0.3
   - Local:        http://localhost:3000

 ✓ Ready in 2.9s
 ○ Compiling / ...
 ⨯ ./src/app/page.tsx
Error: 
  [31mx[0m Unexpected eof
      ,-[[36;1;4mC:\KrSanib\Resume Projects\QuantX\frontend\dashboard\src\app\page.tsx[0m:2105:1]
 [2m2105[0m |       </div>
 [2m2106[0m |     </div>
 [2m2107[0m |   );
 [2m2108[0m | }
      : [31;1m ^[0m
      `----

Caused by:
    Syntax Error

Import trace for requested module:
./src/app/page.tsx
 ⨯ ./src/app/page.tsx
Error: 
  [31mx[0m Unexpected eof
      ,-[[36;1;4mC:\KrSanib\Resume Projects\QuantX\frontend\dashboard\src\app\page.tsx[0m:2105:1]
 [2m2105[0m |       </div>
 [2m2106[0m |     </div>
 [2m2107[0m |   );
 [2m2108[0m | }
      : [31;1m ^[0m
      `----

Caused by:
    Syntax Error

Import trace for requested module:
./src/app/page.tsx
 ⨯ ./src/app/page.tsx
Error: 
  [31mx[0m Unexpected eof
      ,-[[36;1;4mC:\KrSanib\Resume Projects\QuantX\frontend\dashboard\src\app\page.tsx[0m:2105:1]
 [2m2105[0m |       </div>
 [2m2106[0m |     </div>
 [2m2107[0m |   );
 [2m2108[0m | }
      : [31;1m ^[0m
      `----

Caused by:
    Syntax Error

Import trace for requested module:
./src/app/page.tsx
