Could not connect to PostgreSQL (postgresql://quantx_user:quantx_password@localhost:5432/quantx_db). Falling back to SQLite. Error: (psycopg2.OperationalError) connection to server at "localhost" (::1), port 5432 failed: timeout expired
connection to server at "localhost" (127.0.0.1), port 5432 failed: timeout expired

(Background on this error at: https://sqlalche.me/e/20/e3q8)
2026-07-02 22:13:16,763 [INFO] kafka.conn: <BrokerConnection node_id=bootstrap-0 host=localhost:9092 <connecting> [IPv6 ('::1', 9092, 0, 0)]>: connecting to localhost:9092 [('::1', 9092, 0, 0) IPv6]
2026-07-02 22:13:16,763 [INFO] kafka.conn: Probing node bootstrap-0 broker version
2026-07-02 22:13:18,771 [WARNING] market-data-service.producer: Failed to connect to Kafka at localhost:9092. Running in Mock/Logging mode. Error: NoBrokersAvailable
INFO:     Started server process [23476]
INFO:     Waiting for application startup.
2026-07-02 22:13:18,926 [INFO] market-data-service: Market data ingestion loop started.
2026-07-02 22:13:18,941 [INFO] market-data-service: [OFFLINE] Generated price for AAPL (Equity) at 2026-07-02 16:43:18.929702: Close=178.9055
INFO:     Application startup complete.
INFO:     Uvicorn running on http://127.0.0.1:8001 (Press CTRL+C to quit)
2026-07-02 22:13:19,979 [INFO] market-data-service: [OFFLINE] Generated price for MSFT (Equity) at 2026-07-02 16:43:19.961496: Close=184.9414
2026-07-02 22:13:20,999 [INFO] market-data-service: [OFFLINE] Generated price for TSLA (Equity) at 2026-07-02 16:43:20.990152: Close=182.4245
2026-07-02 22:13:22,019 [INFO] market-data-service: [OFFLINE] Generated price for BTC-USD (Equity) at 2026-07-02 16:43:22.004434: Close=59143.5860
2026-07-02 22:13:33,045 [INFO] market-data-service: [OFFLINE] Generated price for AAPL (Equity) at 2026-07-02 16:43:33.031031: Close=179.2574
2026-07-02 22:13:34,077 [INFO] market-data-service: [OFFLINE] Generated price for MSFT (Equity) at 2026-07-02 16:43:34.062876: Close=185.0458
2026-07-02 22:13:35,100 [INFO] market-data-service: [OFFLINE] Generated price for TSLA (Equity) at 2026-07-02 16:43:35.079745: Close=184.4948
2026-07-02 22:13:36,122 [INFO] market-data-service: [OFFLINE] Generated price for BTC-USD (Equity) at 2026-07-02 16:43:36.105407: Close=59437.6916
2026-07-02 22:13:47,149 [INFO] market-data-service: [OFFLINE] Generated price for AAPL (Equity) at 2026-07-02 16:43:47.138690: Close=178.9723
2026-07-02 22:13:48,173 [INFO] market-data-service: [OFFLINE] Generated price for MSFT (Equity) at 2026-07-02 16:43:48.156011: Close=185.3215
2026-07-02 22:13:49,195 [INFO] market-data-service: [OFFLINE] Generated price for TSLA (Equity) at 2026-07-02 16:43:49.179546: Close=184.9986
2026-07-02 22:13:50,218 [INFO] market-data-service: [OFFLINE] Generated price for BTC-USD (Equity) at 2026-07-02 16:43:50.209014: Close=59016.2706
2026-07-02 22:14:01,251 [INFO] market-data-service: [OFFLINE] Generated price for AAPL (Equity) at 2026-07-02 16:44:01.238708: Close=179.3323
2026-07-02 22:14:02,277 [INFO] market-data-service: [OFFLINE] Generated price for MSFT (Equity) at 2026-07-02 16:44:02.259959: Close=184.5142
2026-07-02 22:14:03,298 [INFO] market-data-service: [OFFLINE] Generated price for TSLA (Equity) at 2026-07-02 16:44:03.280009: Close=184.4452
2026-07-02 22:14:04,324 [INFO] market-data-service: [OFFLINE] Generated price for BTC-USD (Equity) at 2026-07-02 16:44:04.312565: Close=58926.4672
2026-07-02 22:14:15,344 [INFO] market-data-service: [OFFLINE] Generated price for AAPL (Equity) at 2026-07-02 16:44:15.331425: Close=179.6889
2026-07-02 22:14:16,369 [INFO] market-data-service: [OFFLINE] Generated price for MSFT (Equity) at 2026-07-02 16:44:16.353465: Close=184.6574
2026-07-02 22:14:17,397 [INFO] market-data-service: [OFFLINE] Generated price for TSLA (Equity) at 2026-07-02 16:44:17.377248: Close=182.7874
2026-07-02 22:14:18,428 [INFO] market-data-service: [OFFLINE] Generated price for BTC-USD (Equity) at 2026-07-02 16:44:18.412634: Close=58735.7865
2026-07-02 22:14:29,460 [INFO] market-data-service: [OFFLINE] Generated price for AAPL (Equity) at 2026-07-02 16:44:29.444919: Close=180.9199
2026-07-02 22:14:30,504 [INFO] market-data-service: [OFFLINE] Generated price for MSFT (Equity) at 2026-07-02 16:44:30.477481: Close=185.8978
2026-07-02 22:14:31,520 [INFO] market-data-service: [OFFLINE] Generated price for TSLA (Equity) at 2026-07-02 16:44:31.510861: Close=183.8281
2026-07-02 22:14:32,542 [INFO] market-data-service: [OFFLINE] Generated price for BTC-USD (Equity) at 2026-07-02 16:44:32.527937: Close=59243.7537
2026-07-02 22:14:43,594 [INFO] market-data-service: [OFFLINE] Generated price for AAPL (Equity) at 2026-07-02 16:44:43.578018: Close=181.8629
2026-07-02 22:14:44,623 [INFO] market-data-service: [OFFLINE] Generated price for MSFT (Equity) at 2026-07-02 16:44:44.608559: Close=185.8496
2026-07-02 22:14:45,643 [INFO] market-data-service: [OFFLINE] Generated price for TSLA (Equity) at 2026-07-02 16:44:45.632421: Close=183.0112
2026-07-02 22:14:46,667 [INFO] market-data-service: [OFFLINE] Generated price for BTC-USD (Equity) at 2026-07-02 16:44:46.651876: Close=58937.9646
2026-07-02 22:14:57,707 [INFO] market-data-service: [OFFLINE] Generated price for AAPL (Equity) at 2026-07-02 16:44:57.691992: Close=184.7921
2026-07-02 22:14:58,742 [INFO] market-data-service: [OFFLINE] Generated price for MSFT (Equity) at 2026-07-02 16:44:58.724316: Close=186.0177
2026-07-02 22:14:59,791 [INFO] market-data-service: [OFFLINE] Generated price for TSLA (Equity) at 2026-07-02 16:44:59.780689: Close=182.2635
2026-07-02 22:15:00,817 [INFO] market-data-service: [OFFLINE] Generated price for BTC-USD (Equity) at 2026-07-02 16:45:00.808047: Close=59068.6324
2026-07-02 22:15:11,851 [INFO] market-data-service: [OFFLINE] Generated price for AAPL (Equity) at 2026-07-02 16:45:11.838118: Close=185.4721
2026-07-02 22:15:12,888 [INFO] market-data-service: [OFFLINE] Generated price for MSFT (Equity) at 2026-07-02 16:45:12.869683: Close=185.1150
2026-07-02 22:15:13,910 [INFO] market-data-service: [OFFLINE] Generated price for TSLA (Equity) at 2026-07-02 16:45:13.893570: Close=180.6254
2026-07-02 22:15:14,943 [INFO] market-data-service: [OFFLINE] Generated price for BTC-USD (Equity) at 2026-07-02 16:45:14.928086: Close=59346.7473
2026-07-02 22:15:26,028 [INFO] market-data-service: [OFFLINE] Generated price for AAPL (Equity) at 2026-07-02 16:45:26.019235: Close=185.6595
2026-07-02 22:15:27,056 [INFO] market-data-service: [OFFLINE] Generated price for MSFT (Equity) at 2026-07-02 16:45:27.041877: Close=184.1816
2026-07-02 22:15:28,086 [INFO] market-data-service: [OFFLINE] Generated price for TSLA (Equity) at 2026-07-02 16:45:28.067877: Close=181.9049
2026-07-02 22:15:29,111 [INFO] market-data-service: [OFFLINE] Generated price for BTC-USD (Equity) at 2026-07-02 16:45:29.092982: Close=59412.6330
2026-07-02 22:15:40,147 [INFO] market-data-service: [OFFLINE] Generated price for AAPL (Equity) at 2026-07-02 16:45:40.128425: Close=186.8262
2026-07-02 22:15:41,174 [INFO] market-data-service: [OFFLINE] Generated price for MSFT (Equity) at 2026-07-02 16:45:41.157756: Close=185.1871
2026-07-02 22:15:42,205 [INFO] market-data-service: [OFFLINE] Generated price for TSLA (Equity) at 2026-07-02 16:45:42.191326: Close=182.2232
2026-07-02 22:15:43,234 [INFO] market-data-service: [OFFLINE] Generated price for BTC-USD (Equity) at 2026-07-02 16:45:43.221316: Close=59736.7439
